app/build/intermediates/manifest_merge_blame_file/release/processReleaseMainManifest/manifest-merger-blame-release-report.txt
1<?xml version="1.0" encoding="utf-8"?>
2<manifest xmlns:android="http://schemas.android.com/apk/res/android"
3    package="com.hank.clawlive"
4    android:versionCode="6"
5    android:versionName="1.0.5" >
6
7    <uses-sdk
8        android:minSdkVersion="24"
9        android:targetSdkVersion="35" />
10
11    <uses-permission android:name="android.permission.INTERNET" />
11-->src\main\AndroidManifest.xml:5:5-67
11-->src\main\AndroidManifest.xml:5:22-64
12    <uses-permission android:name="android.permission.ACCESS_NETWORK_STATE" />
12-->src\main\AndroidManifest.xml:6:5-79
12-->src\main\AndroidManifest.xml:6:22-76
13    <!-- Required for some devices to keep service alive properly if needed, usually BIND_WALLPAPER handles it -->
14    <uses-permission android:name="android.permission.FOREGROUND_SERVICE" />
14-->src\main\AndroidManifest.xml:8:5-77
14-->src\main\AndroidManifest.xml:8:22-74
15    <uses-permission android:name="android.permission.WAKE_LOCK" />
15-->src\main\AndroidManifest.xml:9:5-68
15-->src\main\AndroidManifest.xml:9:22-65
16    <!-- Photo picker for custom wallpaper background -->
17    <uses-permission
17-->src\main\AndroidManifest.xml:11:5-107
18        android:name="android.permission.READ_EXTERNAL_STORAGE"
18-->src\main\AndroidManifest.xml:11:22-77
19        android:maxSdkVersion="32" />
19-->src\main\AndroidManifest.xml:11:78-104
20    <uses-permission android:name="android.permission.READ_MEDIA_IMAGES" />
20-->src\main\AndroidManifest.xml:12:5-76
20-->src\main\AndroidManifest.xml:12:22-73
21    <uses-permission android:name="com.android.vending.BILLING" />
21-->[com.android.billingclient:billing-ktx:7.0.0] AndroidManifest.xml:9:5-67
21-->[com.android.billingclient:billing-ktx:7.0.0] AndroidManifest.xml:9:22-64
22
23    <queries>
23-->[com.android.billingclient:billing:7.0.0] AndroidManifest.xml:12:5-16:15
24        <intent>
24-->[com.android.billingclient:billing:7.0.0] AndroidManifest.xml:13:9-15:18
25            <action android:name="com.android.vending.billing.InAppBillingService.BIND" />
25-->[com.android.billingclient:billing:7.0.0] AndroidManifest.xml:14:13-91
25-->[com.android.billingclient:billing:7.0.0] AndroidManifest.xml:14:21-88
26        </intent>
27    </queries>
28
29    <permission
29-->[androidx.core:core:1.12.0] AndroidManifest.xml:22:5-24:47
30        android:name="com.hank.clawlive.DYNAMIC_RECEIVER_NOT_EXPORTED_PERMISSION"
30-->[androidx.core:core:1.12.0] AndroidManifest.xml:23:9-81
31        android:protectionLevel="signature" />
31-->[androidx.core:core:1.12.0] AndroidManifest.xml:24:9-44
32
33    <uses-permission android:name="com.hank.clawlive.DYNAMIC_RECEIVER_NOT_EXPORTED_PERMISSION" />
33-->[androidx.core:core:1.12.0] AndroidManifest.xml:26:5-97
33-->[androidx.core:core:1.12.0] AndroidManifest.xml:26:22-94
34
35    <application
35-->src\main\AndroidManifest.xml:14:5-103:19
36        android:allowBackup="true"
36-->src\main\AndroidManifest.xml:15:9-35
37        android:appComponentFactory="androidx.core.app.CoreComponentFactory"
37-->[androidx.core:core:1.12.0] AndroidManifest.xml:28:18-86
38        android:extractNativeLibs="false"
39        android:icon="@mipmap/ic_launcher"
39-->src\main\AndroidManifest.xml:16:9-43
40        android:label="@string/app_name"
40-->src\main\AndroidManifest.xml:17:9-41
41        android:roundIcon="@mipmap/ic_launcher_round"
41-->src\main\AndroidManifest.xml:18:9-54
42        android:supportsRtl="true"
42-->src\main\AndroidManifest.xml:19:9-35
43        android:theme="@style/Theme.ClawLiveCompanion" >
43-->src\main\AndroidManifest.xml:20:9-55
44        <service
44-->src\main\AndroidManifest.xml:22:9-34:19
45            android:name="com.hank.clawlive.service.ClawWallpaperService"
45-->src\main\AndroidManifest.xml:23:13-57
46            android:enabled="true"
46-->src\main\AndroidManifest.xml:24:13-35
47            android:exported="true"
47-->src\main\AndroidManifest.xml:25:13-36
48            android:label="@string/app_name"
48-->src\main\AndroidManifest.xml:26:13-45
49            android:permission="android.permission.BIND_WALLPAPER" >
49-->src\main\AndroidManifest.xml:27:13-67
50            <intent-filter>
50-->src\main\AndroidManifest.xml:28:13-30:29
51                <action android:name="android.service.wallpaper.WallpaperService" />
51-->src\main\AndroidManifest.xml:29:17-85
51-->src\main\AndroidManifest.xml:29:25-82
52            </intent-filter>
53
54            <meta-data
54-->src\main\AndroidManifest.xml:31:13-33:53
55                android:name="android.service.wallpaper"
55-->src\main\AndroidManifest.xml:32:17-57
56                android:resource="@xml/wallpaper" />
56-->src\main\AndroidManifest.xml:33:17-50
57        </service>
58
59        <activity
59-->src\main\AndroidManifest.xml:36:9-43:20
60            android:name="com.hank.clawlive.MainActivity"
60-->src\main\AndroidManifest.xml:37:13-41
61            android:exported="true" >
61-->src\main\AndroidManifest.xml:38:13-36
62            <intent-filter>
62-->src\main\AndroidManifest.xml:39:13-42:29
63                <action android:name="android.intent.action.MAIN" />
63-->src\main\AndroidManifest.xml:40:17-69
63-->src\main\AndroidManifest.xml:40:25-66
64
65                <category android:name="android.intent.category.LAUNCHER" />
65-->src\main\AndroidManifest.xml:41:17-77
65-->src\main\AndroidManifest.xml:41:27-74
66            </intent-filter>
67        </activity>
68        <activity
68-->src\main\AndroidManifest.xml:45:9-51:39
69            android:name="com.hank.clawlive.MessageActivity"
69-->src\main\AndroidManifest.xml:46:13-44
70            android:excludeFromRecents="true"
70-->src\main\AndroidManifest.xml:50:13-46
71            android:exported="false"
71-->src\main\AndroidManifest.xml:47:13-37
72            android:launchMode="singleTop"
72-->src\main\AndroidManifest.xml:48:13-43
73            android:taskAffinity=""
73-->src\main\AndroidManifest.xml:51:13-36
74            android:theme="@style/Theme.ClawLiveCompanion.TransparentDialog" />
74-->src\main\AndroidManifest.xml:49:13-77
75        <activity
75-->src\main\AndroidManifest.xml:53:9-57:58
76            android:name="com.hank.clawlive.EntityManagerActivity"
76-->src\main\AndroidManifest.xml:54:13-50
77            android:exported="false"
77-->src\main\AndroidManifest.xml:55:13-37
78            android:label="Entity Manager"
78-->src\main\AndroidManifest.xml:56:13-43
79            android:parentActivityName="com.hank.clawlive.MainActivity" />
79-->src\main\AndroidManifest.xml:57:13-55
80        <activity
80-->src\main\AndroidManifest.xml:59:9-63:58
81            android:name="com.hank.clawlive.DebugRenderActivity"
81-->src\main\AndroidManifest.xml:60:13-48
82            android:exported="false"
82-->src\main\AndroidManifest.xml:61:13-37
83            android:label="Debug Render"
83-->src\main\AndroidManifest.xml:62:13-41
84            android:parentActivityName="com.hank.clawlive.MainActivity" />
84-->src\main\AndroidManifest.xml:63:13-55
85        <activity
85-->src\main\AndroidManifest.xml:65:9-69:58
86            android:name="com.hank.clawlive.SettingsActivity"
86-->src\main\AndroidManifest.xml:66:13-45
87            android:exported="false"
87-->src\main\AndroidManifest.xml:67:13-37
88            android:label="Settings"
88-->src\main\AndroidManifest.xml:68:13-37
89            android:parentActivityName="com.hank.clawlive.MainActivity" />
89-->src\main\AndroidManifest.xml:69:13-55
90        <activity
90-->src\main\AndroidManifest.xml:71:9-75:62
91            android:name="com.hank.clawlive.PrivacyPolicyActivity"
91-->src\main\AndroidManifest.xml:72:13-50
92            android:exported="false"
92-->src\main\AndroidManifest.xml:73:13-37
93            android:label="@string/privacy_policy_title"
93-->src\main\AndroidManifest.xml:74:13-57
94            android:parentActivityName="com.hank.clawlive.SettingsActivity" />
94-->src\main\AndroidManifest.xml:75:13-59
95        <activity
95-->src\main\AndroidManifest.xml:77:9-81:58
96            android:name="com.hank.clawlive.WallpaperPreviewActivity"
96-->src\main\AndroidManifest.xml:78:13-53
97            android:exported="false"
97-->src\main\AndroidManifest.xml:79:13-37
98            android:label="Wallpaper Preview"
98-->src\main\AndroidManifest.xml:80:13-46
99            android:parentActivityName="com.hank.clawlive.MainActivity" />
99-->src\main\AndroidManifest.xml:81:13-55
100        <activity
100-->src\main\AndroidManifest.xml:83:9-90:49
101            android:name="com.hank.clawlive.ChatActivity"
101-->src\main\AndroidManifest.xml:84:13-41
102            android:excludeFromRecents="true"
102-->src\main\AndroidManifest.xml:90:13-46
103            android:exported="false"
103-->src\main\AndroidManifest.xml:85:13-37
104            android:label="@string/chat_history"
104-->src\main\AndroidManifest.xml:86:13-49
105            android:parentActivityName="com.hank.clawlive.MainActivity"
105-->src\main\AndroidManifest.xml:89:13-55
106            android:theme="@style/Theme.ClawLiveCompanion.FloatingChat"
106-->src\main\AndroidManifest.xml:87:13-72
107            android:windowSoftInputMode="adjustResize" />
107-->src\main\AndroidManifest.xml:88:13-55
108
109        <receiver
109-->src\main\AndroidManifest.xml:92:9-101:20
110            android:name="com.hank.clawlive.widget.ChatWidgetProvider"
110-->src\main\AndroidManifest.xml:93:13-54
111            android:exported="true" >
111-->src\main\AndroidManifest.xml:94:13-36
112            <intent-filter>
112-->src\main\AndroidManifest.xml:95:13-97:29
113                <action android:name="android.appwidget.action.APPWIDGET_UPDATE" />
113-->src\main\AndroidManifest.xml:96:17-84
113-->src\main\AndroidManifest.xml:96:25-81
114            </intent-filter>
115
116            <meta-data
116-->src\main\AndroidManifest.xml:98:13-100:65
117                android:name="android.appwidget.provider"
117-->src\main\AndroidManifest.xml:99:17-58
118                android:resource="@xml/claw_chat_widget_info" />
118-->src\main\AndroidManifest.xml:100:17-62
119        </receiver>
120
121        <meta-data
121-->[com.android.billingclient:billing:7.0.0] AndroidManifest.xml:19:9-21:37
122            android:name="com.google.android.play.billingclient.version"
122-->[com.android.billingclient:billing:7.0.0] AndroidManifest.xml:20:13-73
123            android:value="7.0.0" />
123-->[com.android.billingclient:billing:7.0.0] AndroidManifest.xml:21:13-34
124
125        <activity
125-->[com.android.billingclient:billing:7.0.0] AndroidManifest.xml:23:9-27:75
126            android:name="com.android.billingclient.api.ProxyBillingActivity"
126-->[com.android.billingclient:billing:7.0.0] AndroidManifest.xml:24:13-78
127            android:configChanges="keyboard|keyboardHidden|screenLayout|screenSize|orientation"
127-->[com.android.billingclient:billing:7.0.0] AndroidManifest.xml:25:13-96
128            android:exported="false"
128-->[com.android.billingclient:billing:7.0.0] AndroidManifest.xml:26:13-37
129            android:theme="@android:style/Theme.Translucent.NoTitleBar" />
129-->[com.android.billingclient:billing:7.0.0] AndroidManifest.xml:27:13-72
130        <activity
130-->[com.android.billingclient:billing:7.0.0] AndroidManifest.xml:28:9-32:75
131            android:name="com.android.billingclient.api.ProxyBillingActivityV2"
131-->[com.android.billingclient:billing:7.0.0] AndroidManifest.xml:29:13-80
132            android:configChanges="keyboard|keyboardHidden|screenLayout|screenSize|orientation"
132-->[com.android.billingclient:billing:7.0.0] AndroidManifest.xml:30:13-96
133            android:exported="false"
133-->[com.android.billingclient:billing:7.0.0] AndroidManifest.xml:31:13-37
134            android:theme="@android:style/Theme.Translucent.NoTitleBar" />
134-->[com.android.billingclient:billing:7.0.0] AndroidManifest.xml:32:13-72
135        <activity
135-->[com.google.android.gms:play-services-base:18.3.0] AndroidManifest.xml:20:9-22:45
136            android:name="com.google.android.gms.common.api.GoogleApiActivity"
136-->[com.google.android.gms:play-services-base:18.3.0] AndroidManifest.xml:20:19-85
137            android:exported="false"
137-->[com.google.android.gms:play-services-base:18.3.0] AndroidManifest.xml:22:19-43
138            android:theme="@android:style/Theme.Translucent.NoTitleBar" />
138-->[com.google.android.gms:play-services-base:18.3.0] AndroidManifest.xml:21:19-78
139
140        <meta-data
140-->[com.google.android.gms:play-services-basement:18.3.0] AndroidManifest.xml:21:9-23:69
141            android:name="com.google.android.gms.version"
141-->[com.google.android.gms:play-services-basement:18.3.0] AndroidManifest.xml:22:13-58
142            android:value="@integer/google_play_services_version" />
142-->[com.google.android.gms:play-services-basement:18.3.0] AndroidManifest.xml:23:13-66
143
144        <provider
144-->[androidx.emoji2:emoji2:1.2.0] AndroidManifest.xml:24:9-32:20
145            android:name="androidx.startup.InitializationProvider"
145-->[androidx.emoji2:emoji2:1.2.0] AndroidManifest.xml:25:13-67
146            android:authorities="com.hank.clawlive.androidx-startup"
146-->[androidx.emoji2:emoji2:1.2.0] AndroidManifest.xml:26:13-68
147            android:exported="false" >
147-->[androidx.emoji2:emoji2:1.2.0] AndroidManifest.xml:27:13-37
148            <meta-data
148-->[androidx.emoji2:emoji2:1.2.0] AndroidManifest.xml:29:13-31:52
149                android:name="androidx.emoji2.text.EmojiCompatInitializer"
149-->[androidx.emoji2:emoji2:1.2.0] AndroidManifest.xml:30:17-75
150                android:value="androidx.startup" />
150-->[androidx.emoji2:emoji2:1.2.0] AndroidManifest.xml:31:17-49
151            <meta-data
151-->[androidx.lifecycle:lifecycle-process:2.7.0] AndroidManifest.xml:29:13-31:52
152                android:name="androidx.lifecycle.ProcessLifecycleInitializer"
152-->[androidx.lifecycle:lifecycle-process:2.7.0] AndroidManifest.xml:30:17-78
153                android:value="androidx.startup" />
153-->[androidx.lifecycle:lifecycle-process:2.7.0] AndroidManifest.xml:31:17-49
154            <meta-data
154-->[androidx.profileinstaller:profileinstaller:1.3.0] AndroidManifest.xml:29:13-31:52
155                android:name="androidx.profileinstaller.ProfileInstallerInitializer"
155-->[androidx.profileinstaller:profileinstaller:1.3.0] AndroidManifest.xml:30:17-85
156                android:value="androidx.startup" />
156-->[androidx.profileinstaller:profileinstaller:1.3.0] AndroidManifest.xml:31:17-49
157        </provider>
158
159        <service
159-->[androidx.room:room-runtime:2.6.1] AndroidManifest.xml:24:9-28:63
160            android:name="androidx.room.MultiInstanceInvalidationService"
160-->[androidx.room:room-runtime:2.6.1] AndroidManifest.xml:25:13-74
161            android:directBootAware="true"
161-->[androidx.room:room-runtime:2.6.1] AndroidManifest.xml:26:13-43
162            android:exported="false" />
162-->[androidx.room:room-runtime:2.6.1] AndroidManifest.xml:27:13-37
163
164        <receiver
164-->[androidx.profileinstaller:profileinstaller:1.3.0] AndroidManifest.xml:34:9-52:20
165            android:name="androidx.profileinstaller.ProfileInstallReceiver"
165-->[androidx.profileinstaller:profileinstaller:1.3.0] AndroidManifest.xml:35:13-76
166            android:directBootAware="false"
166-->[androidx.profileinstaller:profileinstaller:1.3.0] AndroidManifest.xml:36:13-44
167            android:enabled="true"
167-->[androidx.profileinstaller:profileinstaller:1.3.0] AndroidManifest.xml:37:13-35
168            android:exported="true"
168-->[androidx.profileinstaller:profileinstaller:1.3.0] AndroidManifest.xml:38:13-36
169            android:permission="android.permission.DUMP" >
169-->[androidx.profileinstaller:profileinstaller:1.3.0] AndroidManifest.xml:39:13-57
170            <intent-filter>
170-->[androidx.profileinstaller:profileinstaller:1.3.0] AndroidManifest.xml:40:13-42:29
171                <action android:name="androidx.profileinstaller.action.INSTALL_PROFILE" />
171-->[androidx.profileinstaller:profileinstaller:1.3.0] AndroidManifest.xml:41:17-91
171-->[androidx.profileinstaller:profileinstaller:1.3.0] AndroidManifest.xml:41:25-88
172            </intent-filter>
173            <intent-filter>
173-->[androidx.profileinstaller:profileinstaller:1.3.0] AndroidManifest.xml:43:13-45:29
174                <action android:name="androidx.profileinstaller.action.SKIP_FILE" />
174-->[androidx.profileinstaller:profileinstaller:1.3.0] AndroidManifest.xml:44:17-85
174-->[androidx.profileinstaller:profileinstaller:1.3.0] AndroidManifest.xml:44:25-82
175            </intent-filter>
176            <intent-filter>
176-->[androidx.profileinstaller:profileinstaller:1.3.0] AndroidManifest.xml:46:13-48:29
177                <action android:name="androidx.profileinstaller.action.SAVE_PROFILE" />
177-->[androidx.profileinstaller:profileinstaller:1.3.0] AndroidManifest.xml:47:17-88
177-->[androidx.profileinstaller:profileinstaller:1.3.0] AndroidManifest.xml:47:25-85
178            </intent-filter>
179            <intent-filter>
179-->[androidx.profileinstaller:profileinstaller:1.3.0] AndroidManifest.xml:49:13-51:29
180                <action android:name="androidx.profileinstaller.action.BENCHMARK_OPERATION" />
180-->[androidx.profileinstaller:profileinstaller:1.3.0] AndroidManifest.xml:50:17-95
180-->[androidx.profileinstaller:profileinstaller:1.3.0] AndroidManifest.xml:50:25-92
181            </intent-filter>
182        </receiver>
183
184        <service
184-->[com.google.android.datatransport:transport-backend-cct:3.1.8] AndroidManifest.xml:28:9-34:19
185            android:name="com.google.android.datatransport.runtime.backends.TransportBackendDiscovery"
185-->[com.google.android.datatransport:transport-backend-cct:3.1.8] AndroidManifest.xml:29:13-103
186            android:exported="false" >
186-->[com.google.android.datatransport:transport-backend-cct:3.1.8] AndroidManifest.xml:30:13-37
187            <meta-data
187-->[com.google.android.datatransport:transport-backend-cct:3.1.8] AndroidManifest.xml:31:13-33:39
188                android:name="backend:com.google.android.datatransport.cct.CctBackendFactory"
188-->[com.google.android.datatransport:transport-backend-cct:3.1.8] AndroidManifest.xml:32:17-94
189                android:value="cct" />
189-->[com.google.android.datatransport:transport-backend-cct:3.1.8] AndroidManifest.xml:33:17-36
190        </service>
191        <service
191-->[com.google.android.datatransport:transport-runtime:3.1.8] AndroidManifest.xml:26:9-30:19
192            android:name="com.google.android.datatransport.runtime.scheduling.jobscheduling.JobInfoSchedulerService"
192-->[com.google.android.datatransport:transport-runtime:3.1.8] AndroidManifest.xml:27:13-117
193            android:exported="false"
193-->[com.google.android.datatransport:transport-runtime:3.1.8] AndroidManifest.xml:28:13-37
194            android:permission="android.permission.BIND_JOB_SERVICE" >
194-->[com.google.android.datatransport:transport-runtime:3.1.8] AndroidManifest.xml:29:13-69
195        </service>
196
197        <receiver
197-->[com.google.android.datatransport:transport-runtime:3.1.8] AndroidManifest.xml:32:9-34:40
198            android:name="com.google.android.datatransport.runtime.scheduling.jobscheduling.AlarmManagerSchedulerBroadcastReceiver"
198-->[com.google.android.datatransport:transport-runtime:3.1.8] AndroidManifest.xml:33:13-132
199            android:exported="false" />
199-->[com.google.android.datatransport:transport-runtime:3.1.8] AndroidManifest.xml:34:13-37
200    </application>
201
202</manifest>